<?xml version="1.0" encoding="UTF-8"?>
<testng-results ignored="0" total="1" passed="1" failed="0" skipped="0">
  <reporter-output>
  </reporter-output>
  <suite started-at="2023-06-19T19:15:14 IST" name="Default suite" finished-at="2023-06-19T19:16:24 IST" duration-ms="70128">
    <groups>
    </groups>
    <test started-at="2023-06-19T19:15:14 IST" name="Default test" finished-at="2023-06-19T19:16:24 IST" duration-ms="70128">
      <class name="nipun.appium.AppiumBasics">
        <test-method signature="AppiumTest()[pri:0, instance:nipun.appium.AppiumBasics@316bcf94]" started-at="2023-06-19T19:15:14 IST" name="AppiumTest" finished-at="2023-06-19T19:16:24 IST" duration-ms="70080" status="PASS">
          <reporter-output>
          </reporter-output>
        </test-method> <!-- AppiumTest -->
      </class> <!-- nipun.appium.AppiumBasics -->
    </test> <!-- Default test -->
  </suite> <!-- Default suite -->
</testng-results>
